<?xml version="1.0" encoding="UTF-8"?>
<testsuite name="HomePageTest" tests="1" skipped="0" failures="0" errors="0" timestamp="2022-12-02T10:33:01" hostname="IVONNE" time="1.136">
  <properties/>
  <testcase name="testGoToRegister()" classname="HomePageTest" time="1.136"/>
  <system-out><![CDATA[]]></system-out>
  <system-err><![CDATA[log4j:WARN No appenders could be found for logger (io.netty.util.internal.logging.InternalLoggerFactory).
log4j:WARN Please initialize the log4j system properly.
log4j:WARN See http://logging.apache.org/log4j/1.2/faq.html#noconfig for more info.
Starting ChromeDriver 108.0.5359.71 (1e0e3868ee06e91ad636a874420e3ca3ae3756ac-refs/branch-heads/5359@{#1016}) on port 7431
Only local connections are allowed.
Please see https://chromedriver.chromium.org/security-considerations for suggestions on keeping ChromeDriver safe.
ChromeDriver was started successfully.
Dec 02, 2022 5:32:59 PM org.openqa.selenium.devtools.CdpVersionFinder findNearestMatch
WARNING: Unable to find an exact match for CDP version 108, so returning the closest version found: 106
]]></system-err>
</testsuite>
